[16:02:47.558] [INFO] Storybook upgrade - v10.2.8
[16:02:47.564] [INFO] detect-projects-spinner-start: Detecting projects...
[16:02:47.566] [DEBUG] Finding Storybook projects...
[16:02:47.950] [DEBUG] Found 0 Storybook projects
[16:03:57.222] [PROMPT] No Storybook projects were found. Please enter the path to the .storybook directory for the project you want to upgrade. {"choice":"npx sb@latest upgrade --config-dir ./config/storybook"}
[16:03:57.250] [INFO] detect-projects-spinner: Detecting projects: 1 projects
[16:03:57.250] [DEBUG] Getting Storybook data...
[16:03:57.250] [DEBUG] Getting Storybook info...
[16:03:57.260] [DEBUG] SB_CORE-SERVER_0006 (MainFileMissingError): No configuration files have been found in your configDir: [33mnpx sb@latest upgrade --config-dir ./config/storybook[39m.
Storybook needs a "main.js|ts" file, please add it.

You can pass a --config-dir flag to tell Storybook, where your main.js|ts file is located at.

More info: https://storybook.js.org/docs/configure?ref=error

[16:03:57.260] [INFO] detect-projects-spinner-stop: 1 project detected
[16:03:57.260] [DEBUG] Found 0 valid projects and 1 error projects
[16:03:57.261] [ERROR] Failed to get projects
[16:03:57.262] [ERROR] [38;2;241;97;97mError: ❌ Storybook found errors while collecting data for the following projects:
npx sb@latest upgrade --config-dir ./config/storybook:
SB_CORE-SERVER_0006 (MainFileMissingError): No configuration files have been found in your configDir: [33mnpx sb@latest upgrade --config-dir ./config/storybook[39m.
Storybook needs a "main.js|ts" file, please add it.

You can pass a --config-dir flag to tell Storybook, where your main.js|ts file is located at.

More info: https://storybook.js.org/docs/configure?ref=error

    at validateConfigurationFiles (file:///C:/Users/%D0%A0%D0%BE%D1%81%D1%82%D0%B8%D0%BA/AppData/Local/npm-cache/_npx/b8d6390bedbcd544/node_modules/storybook/dist/_node-chunks/chunk-WF46L34H.js:9971:11)
    at async loadMainConfig (file:///C:/Users/%D0%A0%D0%BE%D1%81%D1%82%D0%B8%D0%BA/AppData/Local/npm-cache/_npx/b8d6390bedbcd544/node_modules/storybook/dist/_node-chunks/chunk-WF46L34H.js:11675:3)
    at async getStorybookInfo (file:///C:/Users/%D0%A0%D0%BE%D1%81%D1%82%D0%B8%D0%BA/AppData/Local/npm-cache/_npx/b8d6390bedbcd544/node_modules/storybook/dist/_node-chunks/chunk-WF46L34H.js:11798:59)
    at async getStorybookData (file:///C:/Users/%D0%A0%D0%BE%D1%81%D1%82%D0%B8%D0%BA/AppData/Local/npm-cache/_npx/b8d6390bedbcd544/node_modules/@storybook/cli/dist/_node-chunks/chunk-JECGKZSI.js:169:7)
    at async processProject (file:///C:/Users/%D0%A0%D0%BE%D1%81%D1%82%D0%B8%D0%BA/AppData/Local/npm-cache/_npx/b8d6390bedbcd544/node_modules/@storybook/cli/dist/_node-chunks/chunk-JECGKZSI.js:304:9)
Please fix the errors and run the upgrade command again.[39m
    at getProjects (file:///C:/Users/%D0%A0%D0%BE%D1%81%D1%82%D0%B8%D0%BA/AppData/Local/npm-cache/_npx/b8d6390bedbcd544/node_modules/@storybook/cli/dist/_node-chunks/chunk-JECGKZSI.js:477:13)
    at async upgrade (file:///C:/Users/%D0%A0%D0%BE%D1%81%D1%82%D0%B8%D0%BA/AppData/Local/npm-cache/_npx/b8d6390bedbcd544/node_modules/@storybook/cli/dist/_node-chunks/run-I2PTZ5OH.js:9470:24)
    at async file:///C:/Users/%D0%A0%D0%BE%D1%81%D1%82%D0%B8%D0%BA/AppData/Local/npm-cache/_npx/b8d6390bedbcd544/node_modules/@storybook/cli/dist/_node-chunks/run-I2PTZ5OH.js:9669:70
    at async withTelemetry (file:///C:/Users/%D0%A0%D0%BE%D1%81%D1%82%D0%B8%D0%BA/AppData/Local/npm-cache/_npx/b8d6390bedbcd544/node_modules/storybook/dist/_node-chunks/chunk-KIOKJLL5.js:218:12)
    at async Command.<anonymous> (file:///C:/Users/%D0%A0%D0%BE%D1%81%D1%82%D0%B8%D0%BA/AppData/Local/npm-cache/_npx/b8d6390bedbcd544/node_modules/@storybook/cli/dist/_node-chunks/run-I2PTZ5OH.js:9665:3)
[16:03:57.267] [INFO] Storybook collects completely anonymous usage telemetry. We use it to shape Storybook's roadmap and prioritize features. You can learn more, including how to opt out, at https://storybook.js.org/telemetry
[16:03:58.191] [ERROR] Error: ❌ Storybook found errors while collecting data for the following projects:
npx sb@latest upgrade --config-dir ./config/storybook:
SB_CORE-SERVER_0006 (MainFileMissingError): No configuration files have been found in your configDir: [33mnpx sb@latest upgrade --config-dir ./config/storybook[39m.
Storybook needs a "main.js|ts" file, please add it.

You can pass a --config-dir flag to tell Storybook, where your main.js|ts file is located at.

More info: https://storybook.js.org/docs/configure?ref=error

    at validateConfigurationFiles (file:///C:/Users/%D0%A0%D0%BE%D1%81%D1%82%D0%B8%D0%BA/AppData/Local/npm-cache/_npx/b8d6390bedbcd544/node_modules/storybook/dist/_node-chunks/chunk-WF46L34H.js:9971:11)
    at async loadMainConfig (file:///C:/Users/%D0%A0%D0%BE%D1%81%D1%82%D0%B8%D0%BA/AppData/Local/npm-cache/_npx/b8d6390bedbcd544/node_modules/storybook/dist/_node-chunks/chunk-WF46L34H.js:11675:3)
    at async getStorybookInfo (file:///C:/Users/%D0%A0%D0%BE%D1%81%D1%82%D0%B8%D0%BA/AppData/Local/npm-cache/_npx/b8d6390bedbcd544/node_modules/storybook/dist/_node-chunks/chunk-WF46L34H.js:11798:59)
    at async getStorybookData (file:///C:/Users/%D0%A0%D0%BE%D1%81%D1%82%D0%B8%D0%BA/AppData/Local/npm-cache/_npx/b8d6390bedbcd544/node_modules/@storybook/cli/dist/_node-chunks/chunk-JECGKZSI.js:169:7)
    at async processProject (file:///C:/Users/%D0%A0%D0%BE%D1%81%D1%82%D0%B8%D0%BA/AppData/Local/npm-cache/_npx/b8d6390bedbcd544/node_modules/@storybook/cli/dist/_node-chunks/chunk-JECGKZSI.js:304:9)
Please fix the errors and run the upgrade command again.